  ConsoleApplication1.cpp
C:\Users\Иван\Desktop\jabb\fr\ConsoleApplication1\ConsoleApplication1\ConsoleApplication1.cpp(70,19): warning C4996: 'fopen': This function or variable may be unsafe. Consider using fopen_s instead. To disable deprecation, use _CRT_SECURE_NO_WARNINGS. See online help for details.
C:\Users\Иван\Desktop\jabb\fr\ConsoleApplication1\ConsoleApplication1\ConsoleApplication1.cpp(73,3): warning C4996: 'getch': The POSIX name for this item is deprecated. Instead, use the ISO C and C++ conformant name: _getch. See online help for details.
C:\Users\Иван\Desktop\jabb\fr\ConsoleApplication1\ConsoleApplication1\ConsoleApplication1.cpp(75,2): warning C4996: 'fscanf': This function or variable may be unsafe. Consider using fscanf_s instead. To disable deprecation, use _CRT_SECURE_NO_WARNINGS. See online help for details.
C:\Users\Иван\Desktop\jabb\fr\ConsoleApplication1\ConsoleApplication1\ConsoleApplication1.cpp(78,3): warning C4996: 'fscanf': This function or variable may be unsafe. Consider using fscanf_s instead. To disable deprecation, use _CRT_SECURE_NO_WARNINGS. See online help for details.
C:\Users\Иван\Desktop\jabb\fr\ConsoleApplication1\ConsoleApplication1\ConsoleApplication1.cpp(83,2): warning C4996: 'getch': The POSIX name for this item is deprecated. Instead, use the ISO C and C++ conformant name: _getch. See online help for details.
C:\Users\Иван\Desktop\jabb\fr\ConsoleApplication1\ConsoleApplication1\ConsoleApplication1.cpp(119,4): warning C4996: 'scanf': This function or variable may be unsafe. Consider using scanf_s instead. To disable deprecation, use _CRT_SECURE_NO_WARNINGS. See online help for details.
C:\Users\Иван\Desktop\jabb\fr\ConsoleApplication1\ConsoleApplication1\ConsoleApplication1.cpp(127,4): warning C4996: 'scanf': This function or variable may be unsafe. Consider using scanf_s instead. To disable deprecation, use _CRT_SECURE_NO_WARNINGS. See online help for details.
C:\Users\Иван\Desktop\jabb\fr\ConsoleApplication1\ConsoleApplication1\ConsoleApplication1.cpp(105,8): warning C4101: tmpCharInput: неиспользованная локальная переменная
C:\Users\Иван\Desktop\jabb\fr\ConsoleApplication1\ConsoleApplication1\ConsoleApplication1.cpp(172,7): warning C4996: 'getch': The POSIX name for this item is deprecated. Instead, use the ISO C and C++ conformant name: _getch. See online help for details.
C:\Users\Иван\Desktop\jabb\fr\ConsoleApplication1\ConsoleApplication1\ConsoleApplication1.cpp(184,2): warning C4996: 'strcpy': This function or variable may be unsafe. Consider using strcpy_s instead. To disable deprecation, use _CRT_SECURE_NO_WARNINGS. See online help for details.
C:\Users\Иван\Desktop\jabb\fr\ConsoleApplication1\ConsoleApplication1\ConsoleApplication1.cpp(185,2): warning C4996: 'strcpy': This function or variable may be unsafe. Consider using strcpy_s instead. To disable deprecation, use _CRT_SECURE_NO_WARNINGS. See online help for details.
C:\Users\Иван\Desktop\jabb\fr\ConsoleApplication1\ConsoleApplication1\ConsoleApplication1.cpp(190,4): warning C4996: 'strcpy': This function or variable may be unsafe. Consider using strcpy_s instead. To disable deprecation, use _CRT_SECURE_NO_WARNINGS. See online help for details.
C:\Users\Иван\Desktop\jabb\fr\ConsoleApplication1\ConsoleApplication1\ConsoleApplication1.cpp(191,4): warning C4996: 'strcpy': This function or variable may be unsafe. Consider using strcpy_s instead. To disable deprecation, use _CRT_SECURE_NO_WARNINGS. See online help for details.
C:\Users\Иван\Desktop\jabb\fr\ConsoleApplication1\ConsoleApplication1\ConsoleApplication1.cpp(195,2): warning C4996: 'getch': The POSIX name for this item is deprecated. Instead, use the ISO C and C++ conformant name: _getch. See online help for details.
C:\Users\Иван\Desktop\jabb\fr\ConsoleApplication1\ConsoleApplication1\ConsoleApplication1.cpp(205,2): warning C4996: 'strcpy': This function or variable may be unsafe. Consider using strcpy_s instead. To disable deprecation, use _CRT_SECURE_NO_WARNINGS. See online help for details.
C:\Users\Иван\Desktop\jabb\fr\ConsoleApplication1\ConsoleApplication1\ConsoleApplication1.cpp(209,6): warning C4101: tmp: неиспользованная локальная переменная
C:\Users\Иван\Desktop\jabb\fr\ConsoleApplication1\ConsoleApplication1\ConsoleApplication1.cpp(255,2): warning C4996: 'getch': The POSIX name for this item is deprecated. Instead, use the ISO C and C++ conformant name: _getch. See online help for details.
C:\Users\Иван\Desktop\jabb\fr\ConsoleApplication1\ConsoleApplication1\ConsoleApplication1.cpp(269,4): warning C4996: 'strcpy': This function or variable may be unsafe. Consider using strcpy_s instead. To disable deprecation, use _CRT_SECURE_NO_WARNINGS. See online help for details.
C:\Users\Иван\Desktop\jabb\fr\ConsoleApplication1\ConsoleApplication1\ConsoleApplication1.cpp(270,4): warning C4996: 'strcpy': This function or variable may be unsafe. Consider using strcpy_s instead. To disable deprecation, use _CRT_SECURE_NO_WARNINGS. See online help for details.
C:\Users\Иван\Desktop\jabb\fr\ConsoleApplication1\ConsoleApplication1\ConsoleApplication1.cpp(275,2): warning C4996: 'getch': The POSIX name for this item is deprecated. Instead, use the ISO C and C++ conformant name: _getch. See online help for details.
C:\Users\Иван\Desktop\jabb\fr\ConsoleApplication1\ConsoleApplication1\ConsoleApplication1.cpp(290,2): warning C4996: 'getch': The POSIX name for this item is deprecated. Instead, use the ISO C and C++ conformant name: _getch. See online help for details.
C:\Users\Иван\Desktop\jabb\fr\ConsoleApplication1\ConsoleApplication1\ConsoleApplication1.cpp(317,3): warning C4996: 'sprintf': This function or variable may be unsafe. Consider using sprintf_s instead. To disable deprecation, use _CRT_SECURE_NO_WARNINGS. See online help for details.
C:\Users\Иван\Desktop\jabb\fr\ConsoleApplication1\ConsoleApplication1\ConsoleApplication1.cpp(318,3): warning C4996: 'sprintf': This function or variable may be unsafe. Consider using sprintf_s instead. To disable deprecation, use _CRT_SECURE_NO_WARNINGS. See online help for details.
C:\Users\Иван\Desktop\jabb\fr\ConsoleApplication1\ConsoleApplication1\ConsoleApplication1.cpp(333,2): warning C4996: 'getch': The POSIX name for this item is deprecated. Instead, use the ISO C and C++ conformant name: _getch. See online help for details.
C:\Users\Иван\Desktop\jabb\fr\ConsoleApplication1\ConsoleApplication1\ConsoleApplication1.cpp(357,2): warning C4996: 'getch': The POSIX name for this item is deprecated. Instead, use the ISO C and C++ conformant name: _getch. See online help for details.
  AssemblyInfo.obj : обнаружен модуль MSIL; для MSIL последовательная компоновка отключена; выполняется полная компоновка
  ConsoleApplication1.vcxproj -> C:\Users\Иван\Desktop\jabb\fr\ConsoleApplication1\x64\Debug\ConsoleApplication1.exe
